16:20:35:
Array
(
    [USER_CREATE] => Логин должен быть не менее 3 символов.<br>Неверный email.<br>
)


16:20:39:
Array
(
    [USER_CREATE] => Логин должен быть не менее 3 символов.<br>Неверный email.<br>
)


16:21:02:
Array
(
    [USER_CREATE] => Логин должен быть не менее 3 символов.<br>Неверный email.<br>
)


16:25:19:
Array
(
    [USER_CREATE] => Логин должен быть не менее 3 символов.<br>Неверный email.<br>
)


16:25:48:
Array
(
    [USER_CREATE] => Логин должен быть не менее 3 символов.<br>Неверный email.<br>
)


16:25:52:
Array
(
    [USER_CREATE] => Логин должен быть не менее 3 символов.<br>Неверный email.<br>
)


16:26:15:
Array
(
    [USER_CREATE] => Логин должен быть не менее 3 символов.<br>Неверный email.<br>
)


16:26:18:
Array
(
    [USER_CREATE] => Логин должен быть не менее 3 символов.<br>Неверный email.<br>
)


16:27:34:
Array
(
    [USER_CREATE] => Логин должен быть не менее 3 символов.<br>Неверный email.<br>
)


