23:01:50:
Array
(
    [ORDER] => Array
        (
            [0] => Поле "Индекс" должно быть заполнено при выборе ПВЗ. Нажмите кнопку "Выбрать пункт выдачи на карте"
        )

)


23:01:50:
Array
(
    [ORDER] => Array
        (
            [0] => Поле "Индекс" должно быть заполнено при выборе ПВЗ. Нажмите кнопку "Выбрать пункт выдачи на карте"
        )

)


23:01:51:
Array
(
    [ORDER] => Array
        (
            [0] => Поле "Индекс" должно быть заполнено при выборе ПВЗ. Нажмите кнопку "Выбрать пункт выдачи на карте"
        )

)


23:01:52:
Array
(
    [ORDER] => Array
        (
            [0] => Поле "Индекс" должно быть заполнено при выборе ПВЗ. Нажмите кнопку "Выбрать пункт выдачи на карте"
        )

)


23:01:52:
Array
(
    [ORDER] => Array
        (
            [0] => Поле "Индекс" должно быть заполнено при выборе ПВЗ. Нажмите кнопку "Выбрать пункт выдачи на карте"
        )

)


23:02:02:
Array
(
    [ORDER] => Array
        (
            [0] => Поле "Индекс" должно быть заполнено при выборе ПВЗ. Нажмите кнопку "Выбрать пункт выдачи на карте"
        )

)


23:02:03:
Array
(
    [ORDER] => Array
        (
            [0] => Поле "Индекс" должно быть заполнено при выборе ПВЗ. Нажмите кнопку "Выбрать пункт выдачи на карте"
        )

)


23:02:08:
Array
(
    [ORDER] => Array
        (
            [0] => Поле "Индекс" должно быть заполнено при выборе ПВЗ. Нажмите кнопку "Выбрать пункт выдачи на карте"
        )

)


23:02:09:
Array
(
    [ORDER] => Array
        (
            [0] => Поле "Индекс" должно быть заполнено при выборе ПВЗ. Нажмите кнопку "Выбрать пункт выдачи на карте"
        )

)


23:02:10:
Array
(
    [ORDER] => Array
        (
            [0] => Поле "Индекс" должно быть заполнено при выборе ПВЗ. Нажмите кнопку "Выбрать пункт выдачи на карте"
        )

)


23:02:11:
Array
(
    [ORDER] => Array
        (
            [0] => Поле "Индекс" должно быть заполнено при выборе ПВЗ. Нажмите кнопку "Выбрать пункт выдачи на карте"
        )

)


23:02:12:
Array
(
    [ORDER] => Array
        (
            [0] => Поле "Индекс" должно быть заполнено при выборе ПВЗ. Нажмите кнопку "Выбрать пункт выдачи на карте"
        )

)


23:02:12:
Array
(
    [ORDER] => Array
        (
            [0] => Поле "Индекс" должно быть заполнено при выборе ПВЗ. Нажмите кнопку "Выбрать пункт выдачи на карте"
        )

)


23:02:13:
Array
(
    [ORDER] => Array
        (
            [0] => Поле "Индекс" должно быть заполнено при выборе ПВЗ. Нажмите кнопку "Выбрать пункт выдачи на карте"
        )

)


23:02:14:
Array
(
    [ORDER] => Array
        (
            [0] => Поле "Индекс" должно быть заполнено при выборе ПВЗ. Нажмите кнопку "Выбрать пункт выдачи на карте"
        )

)


23:02:15:
Array
(
    [ORDER] => Array
        (
            [0] => Поле "Индекс" должно быть заполнено при выборе ПВЗ. Нажмите кнопку "Выбрать пункт выдачи на карте"
        )

)


23:02:16:
Array
(
    [ORDER] => Array
        (
            [0] => Поле "Индекс" должно быть заполнено при выборе ПВЗ. Нажмите кнопку "Выбрать пункт выдачи на карте"
        )

)


23:02:24:
Array
(
    [ORDER] => Array
        (
            [0] => Поле "Индекс" должно быть заполнено при выборе ПВЗ. Нажмите кнопку "Выбрать пункт выдачи на карте"
        )

)


23:02:25:
Array
(
    [ORDER] => Array
        (
            [0] => Поле "Индекс" должно быть заполнено при выборе ПВЗ. Нажмите кнопку "Выбрать пункт выдачи на карте"
        )

)


23:02:26:
Array
(
    [ORDER] => Array
        (
            [0] => Поле "Индекс" должно быть заполнено при выборе ПВЗ. Нажмите кнопку "Выбрать пункт выдачи на карте"
        )

)


